This is pdfTeX, Version 3.141592653-2.6-1.40.25 (TeX Live 2023) (preloaded format=pdflatex 2023.8.10)  10 AUG 2023 13:33
entering extended mode
 restricted \write18 enabled.
 %&-line parsing enabled.
**nhb1.tex
(./nhb1.tex
LaTeX2e <2023-06-01> patch level 1
L3 programming layer <2023-08-03>
(./stanfordletter.cls
Document Class: stanfordletter 
(/home/vboyce/.TinyTeX/texmf-dist/tex/latex/base/letter.cls
Document Class: letter 2021/12/07 v1.3c Standard LaTeX document class
(/home/vboyce/.TinyTeX/texmf-dist/tex/latex/base/size10.clo
File: size10.clo 2023/05/17 v1.4n Standard LaTeX file (size option)
)
\longindentation=\dimen140
\indentedwidth=\dimen141
\labelcount=\count185
) (/home/vboyce/.TinyTeX/texmf-dist/tex/latex/graphics/graphics.sty
Package: graphics 2022/03/10 v1.4e Standard LaTeX Graphics (DPC,SPQR)
 (/home/vboyce/.TinyTeX/texmf-dist/tex/latex/graphics/trig.sty
Package: trig 2021/08/11 v1.11 sin cos tan (DPC)
) (/home/vboyce/.TinyTeX/texmf-dist/tex/latex/graphics-cfg/graphics.cfg
File: graphics.cfg 2016/06/04 v1.11 sample graphics configuration
)
Package graphics Info: Driver file: dvips.def on input line 107.
 (/home/vboyce/.TinyTeX/texmf-dist/tex/latex/graphics-def/dvips.def
File: dvips.def 2022/09/22 v3.1e Graphics/color driver for dvips
)) (/home/vboyce/.TinyTeX/texmf-dist/tex/latex/graphics/color.sty
Package: color 2022/01/06 v1.3d Standard LaTeX Color (DPC)
 (/home/vboyce/.TinyTeX/texmf-dist/tex/latex/graphics-cfg/color.cfg
File: color.cfg 2016/01/02 v1.6 sample color configuration
)
Package color Info: Driver file: pdftex.def on input line 149.
 (/home/vboyce/.TinyTeX/texmf-dist/tex/latex/graphics-def/pdftex.def
File: pdftex.def 2022/09/22 v1.2b Graphics/color driver for pdftex
) (/home/vboyce/.TinyTeX/texmf-dist/tex/latex/graphics/mathcolor.ltx)) (/home/vboyce/.TinyTeX/texmf-dist/tex/latex/xcolor/xcolor.sty
Package: xcolor 2022/06/12 v2.14 LaTeX color extensions (UK)
 (/home/vboyce/.TinyTeX/texmf-dist/tex/latex/graphics-cfg/color.cfg
File: color.cfg 2016/01/02 v1.6 sample color configuration
)
Package xcolor Info: Package option `usenames' ignored on input line 218.
Package xcolor Info: Driver file: pdftex.def on input line 227.
 (/home/vboyce/.TinyTeX/texmf-dist/tex/latex/colortbl/colortbl.sty
Package: colortbl 2022/06/20 v1.0f Color table columns (DPC)
 (/home/vboyce/.TinyTeX/texmf-dist/tex/latex/tools/array.sty
Package: array 2022/09/04 v2.5g Tabular extension package (FMi)
\col@sep=\dimen142
\ar@mcellbox=\box51
\extrarowheight=\dimen143
\NC@list=\toks17
\extratabsurround=\skip48
\backup@length=\skip49
\ar@cellbox=\box52
)
\everycr=\toks18
\minrowclearance=\skip50
\rownum=\count186
)
LaTeX Info: Redefining \color on input line 711.
 (/home/vboyce/.TinyTeX/texmf-dist/tex/latex/graphics/mathcolor.ltx)
Package xcolor Info: Model `cmy' substituted by `cmy0' on input line 1353.
Package xcolor Info: Model `RGB' extended on input line 1369.
Package xcolor Info: Model `HTML' substituted by `rgb' on input line 1371.
Package xcolor Info: Model `Hsb' substituted by `hsb' on input line 1372.
Package xcolor Info: Model `tHsb' substituted by `hsb' on input line 1373.
Package xcolor Info: Model `HSB' substituted by `hsb' on input line 1374.
Package xcolor Info: Model `Gray' substituted by `gray' on input line 1375.
Package xcolor Info: Model `wave' substituted by `hsb' on input line 1376.
 (/home/vboyce/.TinyTeX/texmf-dist/tex/latex/graphics/dvipsnam.def
File: dvipsnam.def 2016/06/17 v3.0m Driver-dependent file (DPC,SPQR)
) (/home/vboyce/.TinyTeX/texmf-dist/tex/latex/xcolor/svgnam.def
File: svgnam.def 2022/06/12 v2.14 Predefined colors according to SVG 1.1 (UK)
))
\logo=\box53
\contactinfo=\box54
\phonestuff=\box55
<SUSig_Seal_Left.pdf, id=1, 446.3375pt x 72.58116pt>
File: SUSig_Seal_Left.pdf Graphic file (type pdf)
<use SUSig_Seal_Left.pdf>
Package pdftex.def Info: SUSig_Seal_Left.pdf  used on input line 76.
(pdftex.def)             Requested size: 446.3364pt x 72.58096pt.

Underfull \hbox (badness 10000) in paragraph at lines 83--83

 []

\nameandtitle=\box56

Underfull \hbox (badness 10000) in paragraph at lines 86--86

 []


Underfull \hbox (badness 10000) in paragraph at lines 86--86

 []

\header=\box57
LaTeX Font Info:    External font `cmex10' loaded for size
(Font)              <7> on input line 98.
LaTeX Font Info:    External font `cmex10' loaded for size
(Font)              <5> on input line 98.

Overfull \hbox (75.23973pt too wide) in alignment at lines 98--98
[][][] 
 []

\footer=\box58
) (/home/vboyce/.TinyTeX/texmf-dist/tex/latex/l3backend/l3backend-pdftex.def
File: l3backend-pdftex.def 2023-04-19 L3 backend support: PDF output (pdfTeX)
\l__color_backend_stack_int=\count187
\l__pdf_internal_box=\box59
) (./nhb1.aux)
\openout1 = `nhb1.aux'.

LaTeX Font Info:    Checking defaults for OML/cmm/m/it on input line 4.
LaTeX Font Info:    ... okay on input line 4.
LaTeX Font Info:    Checking defaults for OMS/cmsy/m/n on input line 4.
LaTeX Font Info:    ... okay on input line 4.
LaTeX Font Info:    Checking defaults for OT1/cmr/m/n on input line 4.
LaTeX Font Info:    ... okay on input line 4.
LaTeX Font Info:    Checking defaults for T1/cmr/m/n on input line 4.
LaTeX Font Info:    ... okay on input line 4.
LaTeX Font Info:    Checking defaults for TS1/cmr/m/n on input line 4.
LaTeX Font Info:    ... okay on input line 4.
LaTeX Font Info:    Checking defaults for OMX/cmex/m/n on input line 4.
LaTeX Font Info:    ... okay on input line 4.
LaTeX Font Info:    Checking defaults for U/cmr/m/n on input line 4.
LaTeX Font Info:    ... okay on input line 4.
 (/home/vboyce/.TinyTeX/texmf-dist/tex/latex/epstopdf-pkg/epstopdf-base.sty
Package: epstopdf-base 2020-01-24 v2.11 Base part for package epstopdf
Package epstopdf-base Info: Redefining graphics rule for `.eps' on input line 485.
 (/home/vboyce/.TinyTeX/texmf-dist/tex/latex/latexconfig/epstopdf-sys.cfg
File: epstopdf-sys.cfg 2010/07/13 v1.3 Configuration of (r)epstopdf for TeX Live
)) [1
Non-PDF special ignored!
<special> papersize=614.295pt,794.96999pt
{/home/vboyce/.TinyTeX/texmf-var/fonts/map/pdftex/updmap/pdftex.map}

 <./SUSig_Seal_Left.pdf>] (./nhb1.aux)
 ***********
LaTeX2e <2023-06-01> patch level 1
L3 programming layer <2023-08-03>
 ***********
 ) 
Here is how much of TeX's memory you used:
 1721 strings out of 477114
 27638 string characters out of 5811534
 1929254 words of memory out of 5000000
 22794 multiletter control sequences out of 15000+600000
 559009 words of font info for 39 fonts, out of 8000000 for 9000
 16 hyphenation exceptions out of 8191
 72i,10n,79p,935b,180s stack positions out of 10000i,1000n,20000p,200000b,200000s
</home/vboyce/.TinyTeX/texmf-dist/fonts/type1/public/amsfonts/cm/cmr10.pfb></home/vboyce/.TinyTeX/texmf-dist/fonts/type1/public/amsfonts/cm/cmss8.pfb></home/vboyce/.TinyTeX/texmf-dist/fonts/type1/public/amsfonts/cm/cmssbx10.pfb></home/vboyce/.TinyTeX/texmf-dist/fonts/type1/public/amsfonts/cm/cmti10.pfb>
Output written on nhb1.pdf (1 page, 116971 bytes).
PDF statistics:
 31 PDF objects out of 1000 (max. 8388607)
 18 compressed objects within 1 object stream
 0 named destinations out of 1000 (max. 500000)
 6 words of extra memory for PDF output out of 10000 (max. 10000000)

